SEED: 1776854281
SOLUTION(115447): []/[2:0](v=20;c=20)/[11:1](v=29;c=49)/[5:2](v=30;c=79)/[10:3](v=18;c=97)/[0:4](v=27;c=124)/[1:5](v=10;c=134)/[9:6](v=11;c=145)/[8:7](v=27;c=172)/[6:8](v=12;c=184)*/[4:9](v=10;c=194)/[3:10](v=21;c=215)*/[7:11](v=28;c=243)
{{ 97,  16,  62,  35, *27,  74,  12,  31,  65,  55,  34,  65},
 { 59,  78,  37,  36,  60, *10,  90,  62,  21,  86,  60,  71},
 {*20,  93,  91,  25,  80,  55,  63,  39,  61,  77,  26,  78},
 { 52,  28,  62,  69,  73,  86,  34,  85,  27,  23, *21,  77},
 { 75,  11,  91,  86,  50,  52,  19,  60,  97, *10,  37,  39},
 { 55,  53, *30,  17,  30,  46,  47,  72,  27,  99,  41,  52},
 { 86,  28,  37,  65,  93,  49,  42,  69, *12,  85,  55,  52},
 { 37,  65,  65,  86,  65,  92,  77,  73,  97,  59,  80, *28},
 { 96,  79,  52,  75,  79,  46,  27, *27,  64,  55,  82,  57},
 { 94,  76,  78,  96,  61,  34, *11,  51,  51,  66,  89,  68},
 { 20,  29,  41, *18,  78,  73,  36,  36,  53,  40,  11,  84},
 { 76, *29,  63,  40,  74,  45,  50,  30,  73,  28,  78,  86}}
REVISED: 115447 positions
FRONTIER: 5138 nodes
FRONTIER(MAX): 35789
COST: 243
SOLUTION(115448): []/[2:0](v=20;c=20)/[4:1](v=11;c=31)/[5:2](v=30;c=61)/[10:3](v=18;c=79)/[0:4](v=27;c=106)/[1:5](v=10;c=116)/[9:6](v=11;c=127)/[8:7](v=27;c=154)/[6:8](v=12;c=166)/[11:9](v=28;c=194)/[3:10](v=21;c=215)*/[7:11](v=28;c=243)
{{ 97,  16,  62,  35, *27,  74,  12,  31,  65,  55,  34,  65},
 { 59,  78,  37,  36,  60, *10,  90,  62,  21,  86,  60,  71},
 {*20,  93,  91,  25,  80,  55,  63,  39,  61,  77,  26,  78},
 { 52,  28,  62,  69,  73,  86,  34,  85,  27,  23, *21,  77},
 { 75, *11,  91,  86,  50,  52,  19,  60,  97,  10,  37,  39},
 { 55,  53, *30,  17,  30,  46,  47,  72,  27,  99,  41,  52},
 { 86,  28,  37,  65,  93,  49,  42,  69, *12,  85,  55,  52},
 { 37,  65,  65,  86,  65,  92,  77,  73,  97,  59,  80, *28},
 { 96,  79,  52,  75,  79,  46,  27, *27,  64,  55,  82,  57},
 { 94,  76,  78,  96,  61,  34, *11,  51,  51,  66,  89,  68},
 { 20,  29,  41, *18,  78,  73,  36,  36,  53,  40,  11,  84},
 { 76,  29,  63,  40,  74,  45,  50,  30,  73, *28,  78,  86}}
REVISED: 115448 positions
FRONTIER: 5137 nodes
FRONTIER(MAX): 35789
COST: 243

REVISED: 120647 positions
FRONTIER: 0 nodes
FRONTIER(MAX): 35789
FOUND: 2 solutions

real    18m24.583s
user    18m25.168s
sys     0m0.028s
